<?xml version="1.0" encoding="UTF-8"?>
<!-- Generated by org.testng.reporters.JUnitReportReporter -->
<testsuite hostname="QT-INBG-LT0627" failures="0" tests="1" name="phani.TestCases.AllMobiles" time="4.334" errors="0" timestamp="2022-09-16T16:35:12 IST" skipped="0">
  <testcase classname="phani.TestCases.AllMobiles" name="OpeningBrowser" time="4.334"/>
  <system-out/>
</testsuite> <!-- phani.TestCases.AllMobiles -->
