<?xml version="1.0" encoding="UTF-8"?>
<!-- Generated by org.testng.reporters.JUnitReportReporter -->
<testsuite hostname="QT-INBG-LT0627" failures="0" tests="5" name="phani.TestCases.Sigin" time="8.167" errors="0" timestamp="2022-09-16T17:29:31 IST" skipped="0">
  <testcase classname="phani.TestCases.Sigin" name="launchBrowser" time="4.291"/>
  <system-out/>
  <testcase classname="phani.TestCases.Sigin" name="clickonsigninbutton" time="1.273"/>
  <system-out/>
  <testcase classname="phani.TestCases.Sigin" name="enterUserName" time="1.069"/>
  <system-out/>
  <testcase classname="phani.TestCases.Sigin" name="enterPassword" time="1.102"/>
  <system-out/>
  <testcase classname="phani.TestCases.Sigin" name="clickOnLogin_Quait" time="0.432"/>
  <system-out/>
</testsuite> <!-- phani.TestCases.Sigin -->
