<?xml version="1.0" encoding="UTF-8"?>
<!-- Generated by org.testng.reporters.JUnitReportReporter -->
<testsuite hostname="QT-INBG-LT0627" failures="0" tests="9" name="phani.TestCases.AllMobilesTest" time="11.837" errors="0" timestamp="2022-09-16T17:29:31 IST" skipped="0">
  <testcase classname="phani.TestCases.AllMobilesTest" name="OpeningBrowser" time="2.469"/>
  <system-out/>
  <testcase classname="phani.TestCases.AllMobilesTest" name="allMobilespage" time="0.390"/>
  <system-out/>
  <testcase classname="phani.TestCases.AllMobilesTest" name="searchingLenovomobiles" time="1.141"/>
  <system-out/>
  <testcase classname="phani.TestCases.AllMobilesTest" name="searchingSamsungmubiles" time="1.128"/>
  <system-out/>
  <testcase classname="phani.TestCases.AllMobilesTest" name="wrongApple" time="1.092"/>
  <system-out/>
  <testcase classname="phani.TestCases.AllMobilesTest" name="wrongSamsung" time="1.082"/>
  <system-out/>
  <testcase classname="phani.TestCases.AllMobilesTest" name="twoCharacter" time="1.083"/>
  <system-out/>
  <testcase classname="phani.TestCases.AllMobilesTest" name="InvalidMob" time="1.068"/>
  <system-out/>
  <testcase classname="phani.TestCases.AllMobilesTest" name="order" time="2.384"/>
  <system-out/>
</testsuite> <!-- phani.TestCases.AllMobilesTest -->
