<?xml version="1.0" encoding="UTF-8"?>
<!-- Generated by org.testng.reporters.JUnitReportReporter -->
<testsuite hostname="QT-INBG-LT0627" failures="0" tests="11" name="phani.TestCases.Signup" time="16.094" errors="0" timestamp="2022-09-16T17:29:31 IST" skipped="0">
  <testcase classname="phani.TestCases.Signup" name="launchBrowser" time="2.292"/>
  <system-out/>
  <testcase classname="phani.TestCases.Signup" name="clickOnSignUp" time="2.866"/>
  <system-out/>
  <testcase classname="phani.TestCases.Signup" name="enterFirstName" time="1.077"/>
  <system-out/>
  <testcase classname="phani.TestCases.Signup" name="enterLastName" time="1.075"/>
  <system-out/>
  <testcase classname="phani.TestCases.Signup" name="enterMail" time="1.066"/>
  <system-out/>
  <testcase classname="phani.TestCases.Signup" name="enterPassword" time="1.068"/>
  <system-out/>
  <testcase classname="phani.TestCases.Signup" name="enterDOB" time="1.071"/>
  <system-out/>
  <testcase classname="phani.TestCases.Signup" name="selectGender" time="1.068"/>
  <system-out/>
  <testcase classname="phani.TestCases.Signup" name="enterPhoneNumber" time="1.065"/>
  <system-out/>
  <testcase classname="phani.TestCases.Signup" name="clickOnRegister" time="1.141"/>
  <system-out/>
  <testcase classname="phani.TestCases.Signup" name="clickOnSignIn" time="2.305"/>
  <system-out/>
</testsuite> <!-- phani.TestCases.Signup -->
